<?xml version="1.0" encoding="UTF-8"?>
<!-- Generated by org.testng.reporters.JUnitXMLReporter -->
<testsuite hostname="localhost" name="Default test" tests="4" failures="0" timestamp="28 Nov 2011 09:27:47 GMT" time="0.243" errors="0">
  <testcase name="applyValidations" time="0.012" classname="org.apache.airavat.entity.parser.ProcessEntityParserTest"/>
  <testcase name="doParse" time="0.181" classname="org.apache.airavat.entity.parser.ProcessEntityParserTest"/>
  <testcase name="doParseInvalidXML" time="0.02" classname="org.apache.airavat.entity.parser.ProcessEntityParserTest"/>
  <testcase name="notNullgetUnmarshaller" time="0.0010" classname="org.apache.airavat.entity.parser.ProcessEntityParserTest"/>
</testsuite>
