<?xml version="1.0" encoding="UTF-8"?>
<!-- Generated by org.testng.reporters.JUnitXMLReporter -->
<testsuite hostname="localhost" name="Default test" tests="3" failures="0" timestamp="27 Nov 2011 18:15:25 GMT" time="0.173" errors="0">
  <testcase name="applyValidations" time="0.01" classname="org.apache.airavat.entity.parser.ProcessEntityParserTest"/>
  <testcase name="doParse" time="0.147" classname="org.apache.airavat.entity.parser.ProcessEntityParserTest"/>
  <testcase name="notNullgetUnmarshaller" time="0.0010" classname="org.apache.airavat.entity.parser.ProcessEntityParserTest"/>
</testsuite>
