<?xml version="1.0" encoding="UTF-8"?>
<testng-results skipped="0" failed="0" total="3" passed="3">
  <reporter-output>
  </reporter-output>
  <suite name="Default suite" duration-ms="173" started-at="2011-11-27T23:45:24Z" finished-at="2011-11-27T23:45:25Z">
    <groups>
    </groups>
    <test name="Default test" duration-ms="173" started-at="2011-11-27T23:45:24Z" finished-at="2011-11-27T23:45:25Z">
      <class name="org.apache.airavat.entity.parser.ProcessEntityParserTest">
        <test-method status="PASS" signature="applyValidations()[pri:0, instance:org.apache.airavat.entity.parser.ProcessEntityParserTest@39e57e8f]" name="applyValidations" duration-ms="10" started-at="2011-11-27T23:45:24Z" finished-at="2011-11-27T23:45:24Z">
        </test-method>
        <test-method status="PASS" signature="doParse()[pri:0, instance:org.apache.airavat.entity.parser.ProcessEntityParserTest@39e57e8f]" name="doParse" duration-ms="147" started-at="2011-11-27T23:45:24Z" finished-at="2011-11-27T23:45:25Z">
        </test-method>
        <test-method status="PASS" signature="notNullgetUnmarshaller()[pri:0, instance:org.apache.airavat.entity.parser.ProcessEntityParserTest@39e57e8f]" name="notNullgetUnmarshaller" duration-ms="1" started-at="2011-11-27T23:45:25Z" finished-at="2011-11-27T23:45:25Z">
        </test-method>
      </class>
    </test>
  </suite>
</testng-results>
