<?xml version="1.0" encoding="UTF-8" ?>
<testsuite failures="0" time="0.426" errors="0" skipped="0" tests="3" name="TestSuite">
  <properties>
[...]
</properties>
  <testcase time="0.167" classname="org.apache.airavat.entity.parser.ProcessEntityParserTest" name="doParse"/>
  <testcase time="0" classname="org.apache.airavat.entity.parser.ProcessEntityParserTest" name="notNullgetUnmarshaller"/>
  <testcase time="0" classname="org.apache.airavat.entity.parser.ProcessEntityParserTest" name="applyValidations"/>
</testsuite>